"blank"		"=========================="
"blank"		"#Valve_Movement_Title"
"blank"		"=========================="
"+forward"		"#Valve_Move_Forward"
"+back"			"#Valve_Move_Back"
"+moveleft"		"#Valve_Move_Left"
"+moveright"	"#Valve_Move_Right"
"+speed"       	"#Valve_Walk"
"+jump"			"#Valve_Jump"
"+duck"			"#Valve_Duck"
"blank"		"=========================="
"blank"		"#Cstrike_Combat_Title"
"blank"		"=========================="
"+attack"		"#Cstrike_Fire"
"+attack2"		"#Cstrike_Weapon_Special_Func"
"+reload"		"#Valve_Reload_Weapon"
"invprev"		"#Valve_Previous_Weapon"
"invnext"		"#Valve_Next_Weapon"
"lastinv"		"#Valve_Last_Weapon_Used"
"drop"	 		"#Cstrike_Drop_Weapon"
"blank"		"=========================="
"blank"		"#Valve_Communication_Title"
"blank"		"=========================="
"+voicerecord"	"#Valve_Use_Voice_Communication"
"radio1"		"#Cstrike_Standard_Radio"
"radio2"		"#Cstrike_Group_Radio"
"radio3"		"#Cstrike_Report_Radio"
"messagemode"	"#Valve_Chat_Message"
"messagemode2"	"#Valve_Team_Message"
"blank"		"=========================="
"blank"		"#Cstrike_Menu_Title"
"blank"		"=========================="
"buymenu" 		"#Cstrike_Buy_Menu"
"buyequip"		"#Cstrike_Buy_Equip_Menu"
"autobuy"		"#Cstrike_Auto_Buy"
"rebuy"			"#Cstrike_ReBuy"
"chooseteam"	"#Cstrike_Select_Team"
"+showscores"	"#Valve_Display_Scores"
"showbriefing"	"#Cstrike_Mission_Briefing"
"slot10"		"#Cstrike_Menu_Item_0"
"slot1"			"#Cstrike_Menu_Item_1"
"slot2"			"#Cstrike_Menu_Item_2"
"slot3" 		"#Cstrike_Menu_Item_3"
"slot4"			"#Cstrike_Menu_Item_4"
"slot5"			"#Cstrike_Menu_Item_5"
"slot6"			"#Cstrike_Menu_Item_6"
"slot7"			"#Cstrike_Menu_Item_7"
"slot8"			"#Cstrike_Menu_Item_8"
"slot9"			"#Cstrike_Menu_Item_9"
"blank"		"=========================="
"blank"		"#Valve_Miscellaneous_Title"
"blank"		"=========================="
"+use"			"#Valve_Use_Items"
"impulse 100"	"#Valve_Flashlight"
"nightvision"	"#Cstrike_Nightvision"
"impulse 201"	"#Valve_Spray_Logo"
"jpeg"			"#Valve_Take_Screen_Shot"
"cheer"			"#Valve_Cheer"
"bug"			"#GameUI_ReportBug"
"quit"			"#Valve_Quit_Game"
"askconnect_accept"	"#Valve_Accept_Redirect"
"blank"		"=========================="
"blank"		"#Valve_Miscellaneous_Keyboard_Keys_Title"
"blank"		"=========================="
"+left"			"#Valve_Turn_Left"
"+right"		"#Valve_Turn_Right"
"+moveup"		"#Valve_Swim_Up"
"+movedown"		"#Valve_Swim_Down"
"+lookup"		"#Valve_Look_Up"
"+lookdown"		"#Valve_Look_Down"
"centerview"	"#Cstrike_Reset_View"
"+strafe"		"#Valve_Strafe_Modifier"
"+mlook"		"#Cstrike_Mouse_Look"
"+klook"		"#Cstrike_Keyboard_Look"
"+spray_menu"	"#Cstrike_spray_menu"

